27.49
35.01
39.44
41.72
44.10
49.74
52.07
52.38
58.07
59.17
63.05
64.23
65.28
67.98
68.19
68.66
68.92
69.37
70.62
71.54
74.08
74.32
75.68
76.05
76.18
76.76
77.38
77.91
78.01
78.22
78.93
79.04
79.51
80.01
80.14
80.69
81.34
82.29
82.81
82.91
83.39
83.83
84.09
84.36
84.54
84.59
84.62
84.70
84.93
84.98
85.04
85.09
85.56
85.61
85.77
85.80
85.95
85.98
86.14
86.19
86.35
86.40
86.64
86.69
86.74
86.79
86.87
87.11
87.32
87.74
89.52
89.73
90.25
90.41
90.54
90.93
91.51
91.51
91.51
91.51
91.51
91.56
91.61
91.67
91.77
91.82
91.88
91.90
91.95
92.01
92.03
92.09
92.14
92.19
92.24
92.30
92.35
92.40
92.45
92.51
92.87
93.82
93.92
94.13
94.50
94.50
94.50
94.55
94.60
94.65
94.76
94.81
94.86
94.89
94.94
94.99
95.05
95.10
95.26
95.41
95.41
95.57
95.73
95.83
95.94
96.15
96.28
96.33
96.38
96.44
96.49
96.51
96.57
96.62
96.67
96.72
96.75
96.80
96.83
96.88
96.93
96.99
97.01
97.22
97.48
97.69
97.72
97.75
97.77
98.06
98.17
98.17
98.19
98.22
98.24
98.35
98.45
98.56
98.66
98.69
98.72
98.74
98.77
98.85
98.87
98.90
98.98
99.00
99.08
99.16
99.27
99.29
99.29
99.32
99.34
