34.86
62.01
71.65
74.21
75.74
77.60
77.81
77.83
78.01
79.89
82.33
82.51
82.67
83.38
83.54
83.72
83.90
84.00
84.09
84.18
84.32
84.42
85.32
85.41
85.55
85.66
85.72
85.87
85.97
86.04
86.14
86.20
86.31
86.37
86.40
86.47
86.55
86.63
86.71
86.86
86.90
87.01
87.58
87.67
87.74
87.82
87.85
87.91
87.98
88.05
88.10
88.17
88.26
88.33
88.41
88.49
88.64
88.71
89.18
89.31
89.38
89.46
89.52
89.58
89.63
89.69
89.76
89.84
89.92
90.00
90.08
90.16
90.30
90.43
90.85
90.91
90.99
91.05
91.10
91.17
91.23
91.36
91.44
91.52
91.60
91.68
91.76
91.84
91.98
92.34
92.41
92.49
92.53
92.60
92.66
92.80
92.88
92.95
93.03
93.11
93.19
93.27
93.35
93.50
93.80
93.85
93.91
93.99
94.05
94.19
94.27
94.35
94.43
94.51
94.58
94.66
94.74
94.82
94.87
95.05
95.12
95.20
95.33
95.38
95.46
95.54
95.62
95.70
95.78
95.86
95.94
96.02
96.10
96.25
96.38
96.46
96.51
96.59
96.67
96.75
96.83
96.91
96.99
97.07
97.15
97.22
97.34
97.39
97.44
97.49
97.53
97.58
97.63
97.68
97.73
97.77
97.82
97.87
97.99
98.04
98.08
98.18
98.23
98.39
98.47
98.52
98.56
98.59
98.60
