27.49
35.01
39.44
41.72
44.10
49.74
52.07
52.38
58.07
59.17
63.05
64.23
65.28
67.98
68.19
68.66
69.29
69.55
69.79
70.89
71.65
74.08
74.32
75.68
76.52
76.65
77.23
77.65
78.17
78.54
79.09
79.74
79.85
80.32
80.50
81.00
81.11
81.66
81.84
82.49
83.39
83.91
84.20
84.51
84.67
84.77
84.98
85.25
85.43
85.48
85.53
85.61
85.85
85.90
85.95
86.01
86.37
86.43
86.58
86.61
86.77
86.79
86.95
87.00
87.16
87.21
87.45
87.50
87.55
87.60
87.68
87.92
88.13
89.26
89.41
89.62
89.78
89.91
90.30
90.57
90.72
90.85
91.01
91.06
91.17
91.22
91.25
91.30
91.35
91.38
91.43
91.48
91.54
91.59
91.64
91.69
93.03
93.47
94.21
94.31
94.52
94.63
94.73
94.89
94.99
95.05
95.10
95.15
95.20
95.26
95.28
95.34
95.36
95.47
95.68
95.86
95.96
96.12
96.23
96.38
96.49
97.01
97.22
97.27
97.33
97.38
97.43
97.48
97.54
97.59
97.64
97.67
97.72
97.77
97.82
97.88
97.93
97.96
98.17
98.35
98.40
98.43
98.43
98.45
98.45
98.48
98.51
98.61
98.85
98.87
98.90
98.93
98.95
98.98
99.00
99.03
99.06
99.11
99.16
99.19
99.21
99.29
99.37
99.40
99.42
99.48
