27.49
35.01
39.44
41.72
44.10
49.74
52.04
52.33
58.10
59.07
62.95
64.12
65.17
67.87
68.08
68.55
68.82
69.26
70.52
71.44
73.98
74.21
75.58
76.42
76.55
77.12
77.54
78.07
78.43
78.98
79.64
79.74
80.21
80.40
80.90
81.00
81.55
81.73
82.39
83.28
83.81
84.09
84.41
84.56
84.67
84.88
85.14
85.27
85.46
85.51
85.56
85.77
85.80
85.82
85.85
85.88
86.24
86.32
86.48
86.53
86.69
86.71
86.87
87.11
87.26
87.29
87.50
87.53
87.55
87.58
87.60
87.63
87.66
87.68
87.71
87.74
87.79
88.02
88.23
88.26
88.29
88.31
88.34
89.39
89.75
89.96
90.12
90.25
90.64
90.93
91.09
91.22
91.38
91.40
91.51
91.54
91.56
91.59
91.61
91.64
91.67
91.69
91.72
91.75
91.77
91.82
91.85
91.88
91.90
91.93
91.95
91.98
92.01
92.03
92.06
93.40
93.63
93.97
94.08
94.34
94.44
94.55
94.73
94.84
94.89
94.94
94.99
95.05
95.10
95.15
95.23
95.39
95.49
95.73
95.89
95.99
96.17
96.28
96.46
96.57
96.67
96.72
96.88
96.93
97.09
97.14
97.20
97.25
97.30
97.35
97.41
97.43
97.48
97.54
97.56
97.62
97.67
97.72
97.75
98.30
98.51
98.56
98.61
98.72
98.95
98.98
99.00
99.03
99.06
99.08
99.11
99.14
99.16
99.19
99.24
99.29
99.32
99.34
99.42
99.50
99.53
99.58
99.61
