23.69
28.75
29.60
29.94
30.85
32.84
33.41
35.23
35.51
35.80
37.27
47.10
47.90
50.45
51.02
52.90
53.07
53.86
55.17
55.74
56.36
57.33
57.56
58.47
58.92
59.38
59.72
60.00
60.23
60.45
60.80
61.08
61.31
61.53
61.76
61.93
62.16
62.39
62.56
62.78
63.18
63.30
63.75
63.86
63.92
63.98
64.03
64.15
64.20
64.26
64.32
64.38
65.62
68.69
68.86
68.98
69.09
69.32
70.34
70.57
70.68
70.91
71.02
71.25
71.36
73.35
73.81
73.98
74.15
76.53
76.93
76.99
77.22
78.01
78.07
78.12
78.75
78.81
78.86
79.03
79.66
79.77
79.94
81.99
82.22
82.39
82.56
82.73
82.90
83.07
83.12
83.30
83.35
83.86
84.32
84.55
84.77
85.23
85.28
85.34
85.91
86.02
86.08
86.25
86.53
86.82
87.05
87.27
87.67
87.73
88.07
88.52
88.64
89.03
89.09
89.20
90.00
91.08
91.14
91.31
91.65
91.70
91.93
91.99
92.16
92.22
92.27
92.44
92.61
92.78
92.95
93.12
93.30
93.35
93.47
93.52
93.64
93.69
93.86
94.32
94.38
94.77
95.11
95.45
95.80
95.91
95.97
96.08
96.14
96.19
96.59
96.65
96.70
96.76
96.82
97.05
97.22
97.33
97.39
97.44
97.50
97.56
97.61
97.67
98.07
98.12
98.18
98.24
98.30
98.35
98.41
98.47
98.69
98.75
98.81
98.86
98.92
98.98
