23.11
39.26
44.73
46.83
47.59
48.30
49.79
50.21
50.68
51.10
52.04
57.94
60.74
61.58
61.87
62.60
62.89
62.95
63.47
64.31
64.36
64.62
65.15
65.23
65.25
65.36
65.38
68.71
69.89
70.70
71.15
71.88
71.99
72.77
72.82
72.93
73.45
74.00
74.53
74.92
75.50
76.05
76.21
76.76
77.33
77.86
78.41
78.54
79.04
81.13
81.66
82.15
82.47
82.76
82.89
84.83
85.74
86.19
88.08
88.39
88.42
88.65
88.81
89.05
89.12
89.18
89.26
89.73
89.78
89.83
89.96
90.02
90.09
90.15
90.20
90.25
90.30
90.36
90.41
90.46
90.51
90.57
90.62
91.25
91.30
91.35
91.40
91.46
91.51
91.56
91.61
91.67
91.77
91.82
91.88
91.93
91.98
92.03
92.09
92.14
92.16
92.24
92.30
92.40
92.45
92.51
92.56
92.61
92.66
92.79
92.85
92.90
92.95
93.00
93.11
93.16
93.21
93.40
93.53
93.89
94.00
94.10
94.21
94.42
94.58
94.68
94.79
94.89
95.10
95.20
95.52
95.55
95.60
95.62
95.89
95.91
95.94
96.20
96.23
96.25
96.36
96.46
96.59
97.04
97.35
97.46
97.56
97.67
97.77
97.88
97.98
98.09
98.11
98.22
98.27
98.48
98.53
98.69
98.79
98.95
98.98
99.08
99.19
99.29
99.32
99.42
99.45
99.48
99.55
99.63
