27.05
29.15
31.73
37.01
37.56
41.00
41.62
42.14
46.68
47.08
47.45
51.40
51.66
51.85
53.17
53.43
53.62
54.69
54.94
55.13
56.64
56.90
57.08
60.41
60.66
60.85
62.10
62.25
63.43
63.69
63.87
65.50
65.65
66.35
66.64
66.97
67.12
67.42
67.71
68.01
68.15
72.88
73.14
73.51
74.80
74.94
76.97
77.23
77.60
79.00
79.26
79.45
81.48
81.62
82.32
82.47
82.95
83.10
83.76
83.91
85.13
85.28
85.79
85.94
86.42
86.57
87.38
87.53
88.23
88.38
88.71
88.86
89.15
89.30
89.59
89.74
90.07
90.11
90.15
90.18
90.55
90.59
90.63
90.66
90.81
90.89
91.18
91.33
91.48
91.62
91.70
91.77
91.92
92.07
92.21
92.36
92.51
92.58
92.73
92.88
93.03
93.17
93.32
93.47
93.54
93.62
93.76
93.91
94.98
95.13
95.68
96.13
96.46
96.90
97.45
97.90
98.19
98.49
98.63
98.78
98.93
99.08
99.23
99.37
99.45
99.52
99.56
99.59
99.63
99.67
99.70
