5.90
25.68
36.29
36.79
43.55
46.86
51.07
52.38
52.99
53.20
53.49
59.04
59.36
59.49
60.95
61.50
61.90
62.26
62.37
62.60
62.81
62.95
62.97
63.21
63.26
63.44
63.55
63.76
64.02
64.10
64.20
64.23
68.37
68.50
68.53
68.87
68.89
68.95
71.36
71.91
71.93
74.29
74.42
74.53
74.58
75.16
75.42
75.45
75.60
75.66
75.76
77.62
77.75
78.07
78.14
78.28
78.38
78.43
80.08
80.74
80.77
81.55
82.31
82.63
82.68
83.60
84.46
84.54
84.72
84.77
84.83
84.85
85.22
85.38
85.40
85.69
85.93
86.16
86.32
86.43
86.50
86.66
87.26
87.32
87.34
87.37
87.40
87.50
87.55
87.58
87.66
87.71
88.16
88.18
88.23
88.39
88.42
88.63
88.65
88.68
88.71
88.84
88.99
89.12
89.15
89.18
89.20
89.68
89.70
89.73
89.81
89.99
90.20
90.23
90.25
90.28
90.36
90.72
90.75
90.83
90.85
90.99
91.19
91.22
