27.49
35.01
39.44
41.72
44.10
49.74
52.04
52.33
58.10
59.07
62.95
64.12
65.17
67.87
68.08
68.55
68.71
69.37
70.41
71.54
74.08
74.32
75.63
76.47
76.60
77.18
77.59
78.12
78.49
79.04
79.69
79.80
80.27
80.45
80.95
81.05
81.60
81.79
82.44
83.33
83.86
84.15
84.46
84.62
84.72
84.93
85.19
85.32
85.51
85.56
85.61
85.69
85.98
86.03
86.08
86.14
86.50
86.56
86.71
86.74
86.90
86.92
87.08
87.13
87.29
87.34
87.55
87.60
87.66
87.71
87.79
88.02
88.23
89.36
89.52
89.73
89.88
90.02
90.30
90.57
90.72
90.85
91.01
91.06
91.17
91.22
91.25
91.30
91.35
91.38
91.43
91.48
91.54
91.59
91.64
91.69
93.03
93.47
94.21
94.31
94.52
94.63
94.89
95.05
95.15
95.20
95.26
95.31
95.36
95.41
95.44
95.49
95.52
95.62
95.86
96.04
96.17
96.36
96.46
96.65
96.75
96.80
96.91
96.96
97.17
97.22
97.27
97.33
97.38
97.41
97.46
97.51
97.56
97.62
97.64
97.69
97.75
97.77
97.82
97.88
97.93
97.96
98.27
98.48
98.53
98.58
98.58
98.61
98.72
98.95
98.98
99.00
99.03
99.06
99.08
99.11
99.21
99.27
99.29
99.34
99.40
99.42
99.45
99.53
99.61
99.66
99.69
