34.76
35.26
40.22
41.84
44.92
45.02
48.07
48.17
51.09
51.18
53.98
54.09
56.75
56.85
57.32
59.93
60.03
62.44
62.54
64.84
64.94
67.13
67.23
69.31
69.41
71.32
71.41
73.24
83.35
83.45
85.11
85.21
86.68
87.43
88.13
89.32
89.40
90.39
90.62
90.66
90.74
91.55
91.62
92.37
92.45
93.15
93.45
93.75
93.82
94.43
94.70
94.78
95.32
95.56
95.63
96.10
96.30
96.37
96.77
96.93
97.00
97.33
97.46
97.53
97.78
97.88
97.95
98.13
98.19
98.27
98.41
98.47
98.56
98.60
98.62
98.64
98.74
98.75
98.85
98.85
98.94
98.95
99.03
99.04
99.11
99.17
99.18
99.24
99.24
99.29
99.30
99.34
99.35
99.38
99.39
99.41
99.42
99.44
99.44
99.45
99.46
