28.62
39.05
41.38
42.32
52.07
54.98
56.26
60.22
61.14
65.38
66.38
67.87
68.13
69.73
69.84
70.41
70.49
70.52
70.78
71.54
73.79
74.48
75.10
75.34
76.83
77.15
77.94
78.04
78.54
78.64
79.17
79.59
79.85
80.71
80.82
81.29
81.39
81.89
82.00
82.49
82.60
83.07
83.41
83.88
83.99
84.46
84.56
84.67
84.80
84.93
85.04
85.06
85.09
85.35
85.40
85.46
85.82
85.95
86.11
86.16
86.32
86.35
86.50
86.53
86.69
86.90
86.95
87.00
87.03
87.26
87.29
87.50
88.13
88.23
88.34
88.44
88.71
88.97
89.12
89.26
89.39
89.47
89.54
89.62
89.68
89.73
89.78
89.83
89.88
89.94
89.99
90.04
90.09
92.35
92.53
93.08
93.16
93.53
94.08
94.18
94.42
94.73
94.84
94.99
95.10
95.15
95.20
95.26
95.31
95.36
95.41
95.44
95.55
95.70
95.83
95.94
96.15
96.31
96.41
96.62
96.78
96.88
97.12
97.35
97.41
97.46
97.51
97.56
97.62
97.67
97.72
97.85
97.90
97.96
98.01
98.06
98.11
98.17
98.22
98.32
98.38
98.40
98.43
98.45
98.48
98.51
98.53
98.56
98.61
98.64
98.93
99.06
99.37
99.40
99.42
99.45
99.48
99.50
99.61
99.63
99.69
