27.49
35.01
39.44
41.72
44.10
49.74
52.07
52.38
58.07
59.17
63.05
64.23
65.28
67.98
68.19
68.66
68.92
69.37
70.62
71.54
74.08
74.32
75.68
76.52
76.65
77.23
77.65
78.17
78.54
79.09
79.74
79.85
80.32
80.50
81.00
81.11
81.66
81.84
82.49
83.39
83.91
84.20
84.51
84.67
84.77
84.98
85.25
85.43
85.48
85.53
85.61
85.88
85.93
85.98
86.03
86.40
86.64
86.79
86.82
86.98
87.00
87.16
87.21
87.37
87.40
87.63
87.68
87.76
87.81
87.87
87.89
88.13
88.44
89.47
89.62
89.83
89.99
90.12
90.41
90.67
90.83
90.96
91.12
91.17
91.27
91.33
91.38
91.43
91.48
91.54
91.59
91.64
91.69
91.72
91.75
91.80
93.03
93.47
93.63
93.76
93.97
94.08
94.18
94.34
94.44
94.50
94.55
94.60
94.65
95.07
95.10
95.15
95.18
95.28
95.49
95.68
95.78
95.94
96.04
96.20
96.31
96.36
96.46
96.51
96.88
96.91
96.93
96.96
97.09
97.12
97.14
97.17
97.20
97.25
97.30
97.35
97.41
97.64
97.69
97.75
97.80
97.85
97.90
97.93
98.09
98.43
98.61
98.66
98.69
98.69
98.72
98.72
98.74
98.74
98.85
98.87
98.90
98.93
98.95
98.98
99.00
99.11
99.14
99.19
99.24
99.27
99.29
99.32
99.40
99.48
99.50
99.58
99.61
