27.49
35.01
39.44
41.72
44.10
49.74
52.04
52.33
58.10
59.07
62.95
64.12
65.17
67.87
68.08
68.55
68.71
69.37
70.41
71.54
74.08
74.32
75.63
76.47
76.60
77.18
77.59
78.12
78.49
79.04
79.69
79.80
80.27
80.45
80.95
81.05
81.60
81.79
82.44
83.33
83.86
84.15
84.46
84.62
84.72
84.93
85.19
85.32
85.51
85.56
85.61
85.82
85.85
85.88
85.90
85.93
86.40
86.48
87.32
87.37
87.53
87.66
87.92
87.97
88.13
88.18
88.39
88.42
88.44
88.47
88.50
88.52
88.55
88.57
88.60
88.63
89.07
89.28
89.31
89.33
89.36
89.39
90.78
90.93
91.25
91.40
91.54
91.82
91.98
92.14
92.27
92.43
92.45
92.56
92.58
92.61
92.64
92.66
92.69
92.71
92.74
92.77
92.79
92.85
92.90
92.92
92.95
92.98
93.00
93.03
93.06
93.08
93.11
93.13
94.31
94.55
94.71
94.99
95.26
95.36
95.47
95.65
95.75
95.81
95.86
95.91
95.99
96.04
96.10
96.12
96.23
96.46
96.62
96.80
96.91
97.09
97.20
97.25
97.30
97.54
97.59
97.64
97.69
97.75
97.82
97.88
97.93
97.98
98.03
98.09
98.14
98.19
98.24
98.30
98.32
98.53
98.53
98.58
98.64
98.72
98.95
98.98
99.00
99.03
99.06
99.08
99.11
99.14
99.24
99.27
99.32
99.37
99.40
99.42
99.50
99.58
99.61
99.66
99.69
