26.44
33.88
37.66
39.54
41.90
44.00
44.31
45.78
48.35
48.51
55.84
57.52
61.27
62.40
64.83
67.85
67.95
68.37
68.42
68.87
69.84
70.05
71.57
71.78
72.43
72.54
72.75
72.85
72.96
75.37
75.55
76.15
76.52
77.18
77.31
77.80
77.91
78.46
78.56
79.22
79.32
79.43
79.98
80.08
80.56
80.66
81.21
81.32
81.84
81.94
82.05
82.29
82.34
82.39
82.44
82.52
82.65
83.02
83.07
83.23
83.33
83.49
83.60
83.86
83.94
84.15
84.20
84.25
84.30
84.36
84.59
84.62
84.70
84.77
84.98
85.40
85.46
85.74
86.22
86.53
86.69
86.84
86.98
87.16
87.21
87.32
87.37
87.42
87.47
87.53
87.58
87.63
87.71
87.79
87.84
87.89
87.95
88.00
88.05
90.17
90.78
91.22
92.01
92.11
92.53
93.08
93.19
93.24
93.40
93.50
93.55
93.61
93.66
93.71
93.74
93.76
93.82
93.87
94.31
94.52
94.63
94.73
95.05
95.15
95.31
95.41
95.91
95.96
96.10
96.20
96.33
96.44
96.54
96.75
96.80
96.88
96.93
96.99
97.01
97.06
97.12
97.17
97.30
97.33
97.38
97.43
97.46
97.51
97.56
97.62
97.67
97.77
97.93
98.01
98.03
98.06
98.09
98.09
98.11
98.14
98.24
98.27
98.30
98.53
98.56
98.74
98.77
98.90
98.93
98.95
98.98
99.11
99.16
99.21
99.29
99.34
99.37
99.40
99.48
99.50
99.53
99.55
99.58
