5.90
25.68
36.29
36.79
43.55
46.86
51.07
52.38
52.99
53.20
53.49
59.04
59.36
59.49
60.95
61.50
61.90
62.26
62.26
62.37
62.37
62.60
62.60
62.60
62.81
62.95
62.95
62.97
62.97
63.21
63.21
63.26
63.26
63.44
63.44
63.55
63.76
63.76
63.76
63.76
64.02
64.02
64.10
64.10
64.20
64.20
64.23
68.37
68.37
68.50
68.50
68.53
68.87
68.87
68.89
68.95
71.36
71.36
71.36
71.36
71.36
71.36
71.36
71.36
71.36
71.91
71.93
74.29
74.42
74.53
74.53
74.53
74.53
74.58
74.58
75.16
75.16
75.42
75.42
75.42
75.42
75.42
75.42
75.42
75.45
75.45
75.45
75.45
75.45
75.60
75.60
75.60
75.60
75.66
75.66
75.66
75.76
75.76
75.76
77.62
77.62
77.62
77.62
77.62
77.75
77.75
78.07
78.07
78.07
78.07
78.14
78.14
78.14
78.28
78.28
78.38
78.38
78.43
78.43
78.43
80.08
81.34
81.55
82.36
82.57
82.81
83.39
84.54
84.75
85.53
86.08
86.19
86.74
86.84
87.37
87.58
87.87
87.97
88.44
88.55
88.65
89.18
89.28
89.57
89.91
90.41
90.51
90.83
90.93
91.04
91.33
91.69
91.88
91.93
91.95
92.01
92.06
92.11
92.14
92.24
92.27
92.30
92.45
92.61
92.66
92.82
92.85
92.87
92.92
92.98
93.03
93.11
93.34
93.37
93.42
93.45
93.66
93.71
94.08
94.21
94.42
94.58
94.63
94.76
94.89
94.94
95.05
95.10
95.13
95.18
95.23
95.26
95.31
95.36
95.41
95.47
95.52
95.55
96.15
96.31
96.41
96.62
96.88
96.99
97.14
97.25
97.30
97.35
97.41
97.46
97.51
97.54
97.56
97.75
97.85
98.01
98.11
98.22
98.38
98.40
98.45
98.51
98.56
98.58
98.64
98.66
98.72
98.77
98.79
98.85
99.00
99.11
99.27
99.29
99.32
99.32
99.34
99.34
99.37
99.40
99.42
99.45
99.48
99.50
99.53
99.58
99.61
