5.71
23.58
30.82
34.54
40.91
50.29
52.75
53.77
55.84
57.94
58.36
58.99
59.01
59.15
59.20
60.59
61.08
62.95
63.05
63.08
64.96
65.09
65.64
65.91
66.27
66.61
67.06
67.16
67.69
67.82
68.03
68.16
70.05
71.49
72.20
73.24
73.51
74.16
76.60
76.70
76.91
77.25
77.75
78.04
78.20
78.43
78.64
78.90
80.16
80.48
80.66
80.71
80.79
80.95
81.58
81.66
81.71
81.76
82.23
82.29
82.49
82.55
82.65
82.73
82.89
82.94
82.99
83.23
83.39
83.78
83.83
83.88
83.94
84.01
84.04
84.07
84.12
84.17
84.22
84.36
84.41
84.51
84.85
84.88
84.93
84.98
85.64
85.74
85.80
85.90
85.95
86.01
86.06
86.11
86.16
86.74
87.21
87.68
88.26
88.81
89.33
89.81
89.94
90.04
90.15
90.25
90.36
90.46
90.57
90.91
90.96
91.04
91.06
91.54
92.01
92.35
92.64
92.95
93.06
93.16
93.27
93.45
93.47
93.58
93.61
93.63
93.66
93.71
93.74
94.76
94.86
94.89
95.05
95.39
95.44
95.55
95.65
95.75
95.78
95.89
96.20
96.46
96.54
96.65
96.72
96.83
96.96
97.06
97.09
97.12
97.17
97.27
97.33
97.62
97.64
97.69
97.72
97.77
97.82
97.85
97.88
97.96
97.98
98.01
98.06
98.14
98.14
98.14
98.22
98.24
98.27
98.30
98.32
98.35
98.51
98.66
98.82
98.98
99.14
99.37
99.61
