27.33
33.12
34.72
35.06
42.05
44.03
50.11
54.89
55.57
63.24
65.57
66.31
66.59
68.41
70.40
70.62
71.14
71.53
71.70
71.88
72.10
72.33
72.61
72.84
73.12
73.47
73.86
74.38
77.78
78.01
78.24
78.75
79.38
79.43
79.66
79.77
79.94
80.00
81.88
82.05
82.16
82.27
82.78
82.95
83.41
83.58
83.81
85.34
85.57
87.33
87.84
88.18
90.57
90.80
90.97
91.14
91.31
91.48
91.65
91.82
92.73
93.07
93.52
93.92
93.98
94.55
94.60
94.94
95.11
95.28
95.45
95.62
95.80
95.97
96.14
96.31
96.53
97.05
97.22
97.39
97.67
97.78
97.84
97.95
98.18
98.35
98.47
98.52
98.58
98.86
98.92
98.98
99.03
99.20
99.26
99.32
99.38
99.43
99.49
99.55
99.60
