1,1,1,16
4,1,1,16
7,1,1,16
10,1,1,16
13,1,1,16
16,1,1,16
19,1,1,16
22,1,1,16
25,1,1,16
28,1,1,16
31,1,1,16
34,1,1,16
37,1,1,16
40,1,1,16
43,1,1,16
46,1,1,16
49,1,1,76
53,1,1,87
56,1,1,52
60,1,1,73
63,1,1,27
66,1,1,27
69,1,1,52
72,1,1,76
76,1,1,88
79,1,1,88
82,1,1,88
85,1,1,88
88,1,1,27
91,1,1,27
94,1,1,89
99,1,1,15
104,1,1,15
190,2,2,71
194,2,2,73
197,2,2,62
201,2,2,83
206,2,2,77
209,2,2,66
212,2,2,90
216,2,2,66
220,2,2,80
225,2,2,66
229,2,2,81
232,2,2,62
235,2,2,68
239,2,2,80
243,2,2,66
247,2,2,81
251,3,2,25
252,3,2,25
253,2,2,75
256,2,2,88
257,2,2,51
260,2,2,88
263,2,2,87
266,2,2,87
269,2,2,87
272,2,2,87
275,2,2,118
276,2,2,117
277,2,2,51
280,2,2,49
283,2,2,127
290,2,2,119
297,2,2,100
300,2,2,88
303,2,2,98
306,2,2,42
313,2,2,14
316,2,2,25
319,2,2,51
326,2,2,49
331,2,2,42
338,2,2,14
343,2,2,15
346,2,2,15
349,2,2,15
352,2,2,15
355,2,2,15
358,2,2,15
361,2,2,15
364,2,2,15
367,2,2,15
370,2,2,15
373,2,2,15
376,2,2,15
379,2,2,15
382,2,2,15
385,2,2,15
388,2,2,15
534,3,3,95
535,3,3,95
536,3,3,95
537,3,3,96
538,3,3,95
539,3,3,95
540,3,3,96
541,3,3,95
542,3,3,96
543,3,3,96
544,3,3,94
545,3,3,94
546,3,3,95
547,3,3,95
548,3,3,95
549,3,3,96
550,5,3,57
551,5,3,61
552,5,3,55
553,5,3,49
554,5,3,39
555,5,3,49
556,3,3,102
559,3,3,106
562,3,3,102
565,3,3,106
568,3,3,98
571,3,3,102
574,2,4,89
577,3,3,99
580,3,3,98
583,3,3,102
586,2,4,88
589,3,3,91
592,2,6,71
595,3,3,80
598,3,3,84
601,5,3,48
602,5,3,46
603,4,2,98
608,5,3,85
612,5,3,85
616,3,3,82
619,3,3,82
622,3,3,79
625,3,3,79
628,3,3,70
631,3,3,152
634,3,3,72
637,3,3,80
640,3,3,61
643,2,6,47
646,3,3,61
649,3,3,85
652,3,3,67
655,2,6,68
658,3,3,98
661,3,3,86
664,3,3,98
667,3,3,86
670,3,3,98
673,3,3,86
676,3,3,98
679,3,3,86
682,3,5,22
685,3,5,22
688,3,3,134
691,3,3,106
694,3,3,106
697,3,3,113
700,3,3,112
703,3,3,102
706,3,3,102
709,3,3,124
712,3,3,166
715,3,3,91
718,3,3,76
721,3,3,76
724,2,6,84
727,3,3,83
730,3,3,84
733,3,3,88
736,3,3,65
739,3,3,65
742,3,3,65
745,3,3,65
748,3,3,89
751,3,3,89
886,6,4,43
887,6,4,41
888,4,4,81
889,4,4,81
890,4,4,78
891,4,4,78
892,4,4,155
893,7,3,46
894,4,4,84
895,4,4,71
896,7,3,67
897,2,5,155
898,2,5,147
899,5,2,83
903,5,2,83
907,5,2,87
910,5,2,87
913,4,4,85
914,4,4,97
915,4,4,85
916,4,4,97
917,4,4,85
918,4,4,97
919,4,4,85
920,4,4,97
921,9,3,94
922,9,3,93
923,7,3,93
926,3,7,255
935,4,4,129
938,4,4,133
939,4,4,101
942,4,4,105
943,4,4,101
946,4,4,105
947,4,4,108
950,4,4,112
951,4,4,107
954,4,4,111
955,4,4,97
958,4,4,101
959,3,5,88
962,3,5,157
965,4,4,97
968,4,4,101
969,4,4,119
972,4,4,123
973,3,5,162
976,4,4,165
977,3,5,87
980,4,4,90
981,3,7,70
984,4,4,73
985,3,7,152
988,4,4,75
989,4,4,75
990,4,4,71
991,7,3,83
992,4,4,87
993,4,4,79
994,4,4,79
997,4,4,83
998,4,4,83
1001,4,4,87
1002,4,4,64
1003,4,4,64
1004,4,4,60
1005,4,4,64
1006,4,4,64
1007,4,4,60
1008,4,4,88
1009,4,4,88
1010,4,4,133
1013,4,4,105
1016,4,4,105
1019,4,4,112
1022,4,4,111
1025,4,4,101
1028,4,4,98
1031,4,4,167
1034,4,4,101
1037,4,4,123
1040,4,4,165
1043,4,4,90
1046,4,4,83
1049,4,4,87
1054,8,4,77
1055,8,4,77
1063,8,4,74
1064,8,4,74
1067,11,3,64
1068,7,4,63
1119,8,4,71
1120,8,4,71
1121,7,4,79
1122,11,3,80
1128,8,4,60
1129,8,4,60
1130,8,4,60
1131,8,4,60
1132,8,4,84
1133,8,4,84
1148,5,5,100
1149,5,5,128
1150,9,9,72
1151,5,5,100
1152,5,5,107
1153,5,5,96
1154,5,5,106
1155,6,4,161
1156,5,5,118
1157,6,4,86
1158,9,9,69
1159,8,4,151
1160,12,4,147
1161,5,5,82
1162,8,8,59
1163,3,6,259
1164,6,3,94
1167,3,6,259
1168,6,3,94
1171,7,8,90
1188,7,8,89
1205,5,5,133
1206,9,5,128
1207,5,5,105
1208,9,5,100
1209,5,5,105
1210,9,5,100
1211,5,5,112
1212,9,5,107
1213,5,5,111
1214,9,5,106
1215,5,5,101
1216,9,5,96
1217,5,5,101
1218,6,4,92
1219,5,5,170
1220,5,5,101
1221,9,5,96
1222,5,5,96
1223,5,5,123
1224,9,5,118
1225,5,5,165
1226,9,5,160
1227,6,4,161
1228,5,5,90
1229,9,5,85
1230,8,4,69
1231,12,4,65
1232,9,9,66
1235,8,8,75
1238,5,5,83
1239,9,5,78
1240,5,5,78
1241,5,5,87
1242,9,5,82
1243,9,9,55
1246,9,9,55
1249,9,9,79
1252,6,3,98
1255,6,3,86
1258,6,3,98
1261,6,3,86
1264,10,10,71
1267,8,4,147
1309,9,4,129
1310,9,4,101
1311,9,4,101
1312,9,4,108
1313,9,4,107
1314,9,4,97
1315,9,4,97
1316,9,4,119
1317,9,4,161
1318,9,4,86
1319,10,10,68
1322,8,4,65
1327,9,4,79
1328,9,4,83
1334,9,9,58
1344,9,9,142
1345,14,5,74
1346,10,10,79
1348,4,7,85
1349,4,7,97
1350,4,7,85
1351,4,7,97
1352,10,10,123
1355,10,10,95
1358,10,10,95
1361,10,10,102
1364,10,10,101
1367,10,10,91
1370,10,10,91
1373,10,10,113
1376,10,10,155
1379,10,10,80
1383,9,9,60
1386,10,10,66
1387,14,5,61
1388,9,9,75
1389,13,5,70
1390,10,10,73
1393,10,10,77
1396,10,10,55
1397,14,5,50
1398,10,10,55
1399,14,5,50
1409,11,11,67
1412,14,4,75
1413,10,10,59
1416,11,11,88
1419,11,11,70
1433,14,4,62
1434,13,4,71
1438,14,4,51
1439,14,4,51
1440,10,10,141
1443,16,6,89
1444,11,11,95
1445,16,6,117
1446,11,11,123
1447,16,6,89
1448,11,11,95
1451,16,6,96
1452,11,11,102
1453,16,6,85
1454,11,11,91
1455,16,6,95
1456,11,11,101
1457,16,6,107
1458,11,11,113
1459,15,7,75
1460,11,11,84
1461,10,10,74
1462,16,6,71
1463,11,11,77
1464,10,15,69
1468,11,11,91
1469,16,6,85
1470,11,11,159
1471,15,7,150
1472,10,15,56
1475,11,11,73
1476,16,6,67
1478,10,14,65
1481,10,15,45
1484,10,15,45
1487,16,5,90
1488,16,5,118
1489,16,5,90
1490,12,12,69
1491,12,12,87
1492,16,5,97
1493,16,5,86
1494,16,5,96
1495,16,5,108
1496,17,4,78
1498,16,5,72
1499,11,11,140
1500,16,5,86
1501,17,4,153
1504,16,5,68
1510,16,11,68
1513,12,17,83
1514,12,17,111
1517,12,17,83
1520,12,17,90
1521,12,17,79
1522,12,17,89
1526,12,17,101
1527,12,16,70
1528,16,11,55
1529,12,17,65
1530,15,11,67
1531,16,11,49
1532,16,11,49
1534,12,16,145
1537,12,17,79
1540,12,17,61
1546,18,13,82
1554,18,13,78
1557,18,13,100
1561,18,13,89
1567,27,11,33
1568,27,11,33
1569,12,17,67
1571,17,13,69
1576,18,13,64
1588,13,18,100
1591,17,13,144
1593,18,13,78
1594,29,13,49
1595,18,13,66
1596,23,28,21
1600,13,18,100
1603,13,18,82
1606,13,18,88
1609,13,18,157
1612,13,18,110
1615,13,18,185
1620,19,14,99
1623,19,14,109
1635,14,18,85
1636,28,11,51
1638,31,13,53
1639,14,19,63
1640,19,14,88
1643,19,14,168
1647,19,14,99
1651,19,14,81
1658,19,14,77
1661,19,14,99
1664,19,14,179
1671,32,8,17
1672,29,24,29
1675,19,14,99
1677,19,14,81
1678,24,6,82
1679,19,14,88
1680,24,6,151
1681,19,14,157
1682,19,14,109
1683,19,14,184
1685,25,29,37
1688,31,15,51
1697,14,19,99
1701,14,19,179
1706,31,3,22
1707,15,20,167
1708,29,20,84
1709,15,20,109
1710,29,20,66
1711,15,20,91
1712,19,5,83
1713,19,5,152
1714,20,15,98
1717,20,15,173
1720,28,19,63
1721,15,20,87
1723,29,32,37
1727,15,20,108
1728,15,20,87
1730,15,20,188
1731,20,15,108
1734,20,15,183
1740,41,17,25
1741,30,26,47
1742,12,32,13
1746,39,14,90
1747,39,14,72
1748,12,20,76
1751,12,20,145
1759,38,13,69
1761,20,15,98
1762,40,15,88
1763,20,15,178
1764,40,15,168
1768,16,21,172
1769,42,11,31
1772,43,11,26
1773,33,30,37
1774,35,30,69
1777,35,30,51
1783,16,21,118
1784,30,20,93
1785,16,21,97
1786,16,21,193
1787,30,20,168
1788,33,29,49
1791,30,20,83
1792,30,20,163
1795,25,7,140
1796,21,13,149
1798,29,42,13
1801,40,10,27
1802,35,3,86
1807,21,13,80
1808,25,7,71
1809,40,14,99
1810,40,14,174
1812,36,31,67
1815,36,31,147
1818,13,33,12
1821,43,13,38
1822,31,36,51
1823,43,13,56
1824,31,36,69
1825,19,4,143
1826,41,12,37
1827,30,34,49
1830,22,41,15
1837,19,4,74
1838,35,31,78
1841,35,31,153
1848,48,12,39
1849,48,12,57
1850,12,20,135
1852,45,11,38
1855,52,16,135
1856,32,37,146
1857,34,14,115
1858,45,3,86
1864,32,37,66
1865,52,16,55
1866,30,43,12
1869,36,4,97
1872,36,4,85
1875,12,20,66
1878,26,44,25
1879,26,44,43
1882,53,17,140
1883,32,36,152
1884,24,42,25
1885,52,20,131
1889,44,3,85
1895,32,36,77
1896,53,17,65
1897,52,20,51
1898,21,13,134
1902,23,42,14
1910,45,27,24
1911,52,21,136
1912,43,25,24
1913,37,53,114
1915,44,31,132
1919,9,5,80
1920,5,37,85
1921,9,5,92
1922,5,37,97
1923,21,13,74
1924,52,21,61
1927,46,4,97
1930,46,4,85
1933,37,53,34
1936,39,53,118
1937,14,22,158
1938,43,24,129
1941,41,4,81
1942,41,4,93
1944,27,45,120
1947,54,38,113
1950,45,4,96
1953,45,4,84
1958,27,45,42
1961,39,53,43
1965,6,31,20
1968,6,29,20
1975,9,5,80
1976,5,47,85
1977,9,5,92
1978,5,47,97
1979,10,10,75
1980,10,10,87
1985,54,38,161
1987,54,40,117
1999,46,28,119
2000,68,15,112
2002,39,55,113
2003,50,12,101
2004,12,5,80
2005,5,46,83
2006,12,5,92
2007,5,46,95
2008,51,4,81
2009,51,4,93
2012,11,11,74
2013,46,28,58
2014,59,22,28
2015,54,40,42
2016,72,15,31
2018,32,7,113
2019,30,7,112
2020,42,22,105
2021,41,55,125
2022,54,18,103
2023,66,11,102
2024,50,6,79
2025,50,6,91
2026,10,10,75
2027,10,10,87
2030,11,11,86
2033,11,11,86
2036,49,13,37
2037,54,18,28
2038,38,43,89
2039,72,13,108
2040,24,51,89
2041,12,13,73
2042,12,13,85
2047,11,11,74
2052,36,50,14
2055,34,55,12
2060,44,39,88
2061,32,55,89
2062,54,3,86
2067,14,13,72
2068,11,11,86
2071,11,11,86
2076,51,37,142
2077,56,35,136
2078,42,3,85
2081,58,3,86
2086,14,13,84
2089,13,14,84
2104,12,23,75
2119,12,23,74
2129,12,23,74
2143,12,23,75
2148,55,4,97
2151,55,4,85
2196,43,4,96
2199,43,4,84
2202,59,4,97
2205,59,4,85
2214,9,5,80
2215,5,56,85
2216,9,5,92
2217,5,56,97
2222,12,5,80
2223,5,44,83
2224,12,5,92
2225,5,44,95
2226,9,5,80
2227,5,60,85
2228,9,5,92
2229,5,60,97
2230,60,4,81
2231,60,4,93
2232,48,6,79
2233,48,6,91
2234,64,4,81
2235,64,4,93
2236,10,10,75
2237,10,10,87
2240,12,13,73
2241,12,13,85
2244,10,10,75
2245,10,10,87
2250,11,11,74
2253,14,13,72
2256,11,11,74
2257,11,11,87
2260,11,11,86
2263,14,13,84
2266,7,17,81
2269,11,11,87
2272,7,14,83
2279,75,6,10
2286,8,18,80
2297,8,18,80
2315,8,15,83
2326,8,15,82
2340,12,25,73
2353,12,26,72
2361,12,25,72
2375,12,26,72
2384,3,13,3
2385,4,20,245
2386,7,17,80
2426,4,18,247
2427,7,15,83
2537,90,8,86
2540,90,8,86
2543,90,8,86
2546,91,8,86
2549,91,8,86
2552,90,8,86
2555,91,8,86
2558,8,90,8
2561,8,90,8
2564,8,90,8
2567,8,91,8
2570,8,91,8
2573,8,90,8
2576,8,91,8
2594,90,8,86
2597,90,8,86
2600,91,8,86
2603,90,8,86
2606,91,8,86
2611,89,8,86
2614,89,8,86
2617,90,8,86
2620,90,8,86
2627,89,4,174
2628,88,4,174
2629,88,4,174
2630,88,4,174
2631,88,4,174
2632,89,4,174
2633,91,4,174
2634,91,4,174
2639,8,90,8
2642,8,90,8
2645,8,91,8
2648,8,90,8
2651,8,91,8
2655,8,89,8
2658,8,89,8
2661,8,90,8
2664,8,90,8
2669,94,4,4
2670,91,9,8
2671,94,4,4
2672,91,9,8
2673,94,4,4
2674,91,9,8
2675,95,4,4
2676,92,9,8
2682,95,4,4
2683,92,9,8
2688,94,4,4
2689,91,9,8
2690,95,4,4
2691,92,9,8
2710,89,33,145
2720,12,3,5
2721,12,3,5
2722,12,3,5
2723,12,3,5
2724,94,4,4
2725,91,9,8
2726,94,4,4
2727,91,9,8
2728,95,4,4
2729,92,9,8
2730,94,4,4
2731,91,9,8
2732,95,4,4
2733,92,9,8
2734,12,3,5
2735,93,4,4
2736,90,9,8
2737,93,4,4
2738,90,9,8
2739,94,4,4
2740,91,9,8
2741,94,4,4
2742,91,9,8
2743,12,3,5
2744,12,3,5
2745,65,91,29
2746,65,90,29
2747,91,65,104
2750,90,65,104
2753,8,13,0
2754,8,13,0
2755,8,13,0
2756,8,13,0
2757,12,3,5
2758,12,3,5
2759,12,3,5
2760,12,3,5
2761,12,3,5
2762,8,13,0
2763,12,3,5
2764,12,3,5
2765,12,3,5
2766,12,3,5
2767,8,13,0
2768,8,13,0
2773,3,94,26
2776,3,93,26
2779,8,13,0
2780,8,13,0
2781,8,13,0
2782,8,13,0
2783,8,13,0
2784,8,13,0
2785,8,13,0
2786,8,13,0
2787,8,13,0
2788,90,164,14
2789,131,91,38
2800,2,174,4
2807,102,4,18
2808,95,4,47
2809,101,4,18
2810,94,4,45
2811,14,6,0
2812,3,99,61
2815,2,95,65
2818,2,95,53
2821,2,95,34
2824,3,99,53
2827,36,7,15
2828,34,7,15
2829,2,95,85
2843,12,37,10
2846,12,35,10
2850,137,4,42
2851,131,3,40
2852,127,3,36
2853,110,3,19
2854,124,4,29
2857,100,4,60
2858,96,3,64
2859,96,3,52
2860,96,3,42
2861,100,4,52
2862,96,3,84
2863,134,3,65
2866,55,37,9
2867,59,35,8
2868,47,31,8
2869,37,14,8
2870,47,24,9
2871,42,7,5
2872,38,13,14
2873,40,7,5
2874,36,13,14
2875,57,38,30
2876,42,56,4
2877,39,60,4
2878,35,48,4
2879,18,38,4
2880,29,48,4
2881,19,4,8
2882,19,4,8
2883,42,58,26
2886,6,60,0
2887,6,64,0
2888,6,52,0
2889,6,42,0
2890,6,52,0
2891,12,20,0
2892,12,20,0
2895,69,11,15
2896,59,43,26
2897,53,10,16
2898,22,54,4
2899,6,58,0
2,1,1,72
3,1,1,16
5,1,1,74
6,1,1,16
8,1,1,63
9,1,1,16
11,1,1,84
12,1,1,16
14,1,1,78
15,1,1,16
17,1,1,67
18,1,1,16
20,1,1,91
21,1,1,16
23,1,1,67
24,1,1,16
26,1,1,81
27,1,1,16
29,1,1,67
30,1,1,16
32,1,1,82
33,1,1,16
35,1,1,63
36,1,1,16
38,1,1,69
39,1,1,16
41,1,1,81
42,1,1,16
44,1,1,67
45,1,1,16
47,1,1,82
48,1,1,16
50,1,1,76
51,1,1,159
52,1,1,91
54,1,1,89
55,1,1,87
57,1,1,52
58,1,1,151
59,1,1,91
61,1,1,73
62,1,1,87
64,1,1,27
65,1,1,92
67,1,1,27
68,1,1,91
70,1,1,52
71,1,1,89
73,1,1,76
74,1,1,89
75,1,1,101
77,1,1,88
78,1,1,159
80,1,1,88
81,1,1,179
83,1,1,88
84,1,1,147
86,1,1,88
87,1,1,128
89,1,1,27
90,1,1,52
92,1,1,27
93,1,1,50
95,1,1,128
96,1,1,120
97,1,1,101
98,1,1,89
100,1,1,99
101,1,1,43
102,1,1,15
103,1,1,177
105,1,1,119
106,1,1,118
107,1,1,26
108,1,1,52
109,1,1,50
110,1,1,43
111,1,1,15
191,2,2,103
192,2,2,71
193,2,2,153
195,2,2,107
196,2,2,73
198,2,2,62
199,2,2,135
200,2,2,107
202,2,2,83
203,2,2,86
204,2,2,167
205,2,2,92
207,2,2,103
208,2,2,77
210,2,2,107
211,2,2,66
213,2,2,107
214,2,2,114
215,2,2,90
217,2,2,83
218,2,2,77
219,2,2,66
221,2,2,100
222,2,2,80
223,2,2,85
224,2,2,89
226,2,2,99
227,2,2,66
228,2,2,90
230,2,2,99
231,2,2,81
233,2,2,103
234,2,2,62
236,2,2,68
237,2,2,103
238,2,2,125
240,2,2,92
241,2,2,85
242,2,2,80
244,2,2,103
245,2,2,84
246,2,2,66
248,2,2,81
249,2,2,113
250,2,2,103
254,2,2,75
255,2,2,88
258,2,2,51
259,2,2,72
261,2,2,100
262,2,2,88
264,2,2,99
265,2,2,87
267,2,2,99
268,2,2,87
270,2,2,99
271,2,2,87
273,2,2,99
274,2,2,87
278,2,2,51
279,2,2,101
281,2,2,49
282,2,2,100
284,2,2,158
285,2,2,158
286,2,2,146
287,2,2,127
288,2,2,150
289,2,2,178
291,2,2,119
292,2,2,129
293,2,2,127
294,2,2,138
295,2,2,125
296,2,2,142
298,2,2,101
299,2,2,100
301,2,2,88
302,2,2,88
304,2,2,98
305,2,2,260
307,2,2,60
308,2,2,64
309,2,2,58
310,2,2,52
311,2,2,42
312,2,2,52
314,2,2,14
315,2,2,14
317,2,2,25
318,2,2,25
320,2,2,91
321,2,2,90
322,2,2,75
323,2,2,51
324,2,2,72
325,2,2,88
327,2,2,51
328,2,2,49
329,2,2,101
330,2,2,100
332,2,2,60
333,2,2,64
334,2,2,58
335,2,2,52
336,2,2,42
337,2,2,52
339,2,2,98
340,2,2,260
341,2,2,14
342,2,2,176
344,2,2,96
345,2,2,15
347,2,2,96
348,2,2,15
350,2,2,96
351,2,2,15
353,2,2,97
354,2,2,15
356,2,2,96
357,2,2,15
359,2,2,96
360,2,2,15
362,2,2,97
363,2,2,15
365,2,2,96
366,2,2,15
368,2,2,97
369,2,2,15
371,2,2,97
372,2,2,15
374,2,2,95
375,2,2,15
377,2,2,95
378,2,2,15
380,2,2,96
381,2,2,15
383,2,2,96
384,2,2,15
386,2,2,96
387,2,2,15
389,2,2,97
390,2,2,15
557,3,3,130
558,3,3,102
560,3,3,134
561,3,3,106
563,3,3,102
564,3,3,109
566,3,3,106
567,3,3,113
569,3,3,108
570,3,3,98
572,3,3,112
573,3,3,102
575,2,4,89
576,2,4,158
578,3,3,99
579,3,3,168
581,3,3,98
582,3,3,120
584,3,3,102
585,3,3,124
587,2,4,163
588,2,4,88
590,3,3,166
591,3,3,91
593,2,6,71
594,2,6,153
596,3,3,80
597,3,3,84
599,3,3,84
600,3,3,88
604,4,2,101
605,4,2,100
606,4,2,98
607,4,2,260
609,5,3,149
610,5,3,85
611,5,3,89
613,5,3,157
614,5,3,85
615,5,3,89
617,3,3,82
618,3,3,82
620,3,3,82
621,3,3,82
623,3,3,79
624,3,3,79
626,3,3,79
627,3,3,79
629,3,3,74
630,3,3,70
632,3,3,156
633,3,3,152
635,3,3,72
636,3,3,73
638,3,3,80
639,3,3,81
641,3,3,61
642,3,3,62
644,2,6,47
645,2,6,47
647,3,3,61
648,3,3,62
650,3,3,85
651,3,3,86
653,3,3,72
654,3,3,67
656,2,6,68
657,2,6,69
659,3,3,98
660,3,3,154
662,3,3,86
663,3,3,142
665,3,3,98
666,3,3,150
668,3,3,86
669,3,3,138
671,3,3,98
672,3,3,141
674,3,3,86
675,3,3,129
677,3,3,98
678,3,3,131
680,3,3,86
681,3,3,119
683,3,5,44
684,3,5,22
686,3,5,42
687,3,5,22
689,3,3,134
690,3,3,135
692,3,3,106
693,3,3,107
695,3,3,106
696,3,3,107
698,3,3,113
699,3,3,114
701,3,3,112
702,3,3,113
704,3,3,102
705,3,3,103
707,3,3,102
708,3,3,103
710,3,3,124
711,3,3,125
713,3,3,166
714,3,3,167
716,3,3,91
717,3,3,92
719,3,3,76
720,3,3,76
722,3,3,76
723,3,3,76
725,2,6,84
726,2,6,85
728,3,3,88
729,3,3,83
731,3,3,84
732,3,3,85
734,3,3,88
735,3,3,89
737,3,3,65
738,3,3,65
740,3,3,65
741,3,3,65
743,3,3,65
744,3,3,65
746,3,3,65
747,3,3,65
749,3,3,89
750,3,3,89
752,3,3,89
753,3,3,89
900,5,2,260
901,5,2,95
902,5,2,83
904,5,2,260
905,5,2,95
906,5,2,83
908,5,2,99
909,5,2,87
911,5,2,99
912,5,2,87
924,7,3,94
925,7,3,93
927,3,7,256
928,3,7,255
929,3,7,255
930,3,7,255
931,3,7,255
932,3,7,256
933,3,7,258
934,3,7,258
936,4,4,129
937,4,4,130
940,4,4,101
941,4,4,102
944,4,4,101
945,4,4,102
948,4,4,108
949,4,4,109
952,4,4,107
953,4,4,108
956,4,4,97
957,4,4,98
960,3,5,93
961,3,5,88
963,3,5,162
964,3,5,157
966,4,4,97
967,4,4,98
970,4,4,119
971,4,4,120
974,3,5,162
975,3,5,165
978,3,5,87
979,3,5,90
982,3,7,70
983,3,7,70
986,3,7,152
987,3,7,152
995,4,4,79
996,4,4,80
999,4,4,83
1000,4,4,84
1011,4,4,134
1012,4,4,133
1014,4,4,106
1015,4,4,105
1017,4,4,106
1018,4,4,105
1020,4,4,113
1021,4,4,112
1023,4,4,112
1024,4,4,111
1026,4,4,102
1027,4,4,101
1029,4,4,102
1030,4,4,98
1032,4,4,171
1033,4,4,167
1035,4,4,102
1036,4,4,101
1038,4,4,124
1039,4,4,123
1041,4,4,166
1042,4,4,165
1044,4,4,91
1045,4,4,90
1047,4,4,84
1048,4,4,83
1050,4,4,88
1051,4,4,87
1165,6,3,95
1166,6,3,94
1169,6,3,94
1170,6,3,95
1172,7,8,168
1173,7,8,168
1174,7,8,168
1175,7,8,169
1176,7,8,90
1177,7,8,90
1178,7,8,90
1179,7,8,91
1180,7,8,168
1181,7,8,168
1182,7,8,169
1183,7,8,168
1184,7,8,90
1185,7,8,90
1186,7,8,91
1187,7,8,90
1189,7,8,169
1190,7,8,168
1191,7,8,169
1192,7,8,91
1193,7,8,90
1194,7,8,91
1195,7,8,169
1196,7,8,167
1197,7,8,167
1198,7,8,168
1199,7,8,168
1200,7,8,91
1201,7,8,89
1202,7,8,89
1203,7,8,90
1204,7,8,90
1233,9,9,67
1234,9,9,66
1236,8,8,76
1237,8,8,75
1244,9,9,56
1245,9,9,55
1247,9,9,56
1248,9,9,55
1250,9,9,79
1251,9,9,80
1253,6,3,98
1254,6,3,136
1256,6,3,86
1257,6,3,124
1259,6,3,98
1260,6,3,138
1262,6,3,86
1263,6,3,126
1265,10,10,89
1266,10,10,71
1320,10,10,68
1321,10,10,73
1335,9,9,60
1336,9,9,58
1353,10,10,123
1354,10,10,124
1356,10,10,95
1357,10,10,96
1359,10,10,95
1360,10,10,96
1362,10,10,102
1363,10,10,103
1365,10,10,101
1366,10,10,102
1368,10,10,91
1369,10,10,92
1371,10,10,92
1372,10,10,91
1374,10,10,113
1375,10,10,114
1377,10,10,160
1378,10,10,155
1380,10,10,80
1381,10,10,85
1384,9,9,75
1385,9,9,60
1391,10,10,74
1392,10,10,73
1394,10,10,77
1395,10,10,78
1417,11,11,88
1418,11,11,94
1420,11,11,70
1421,11,11,76
1441,10,10,141
1442,10,10,158
1473,10,15,56
1474,10,15,58
1479,10,14,68
1480,10,14,65
1482,10,15,50
1483,10,15,45
1485,10,15,50
1486,10,15,45
1511,16,11,68
1512,16,11,71
1515,12,17,111
1516,12,17,186
1518,12,17,101
1519,12,17,83
1523,12,17,101
1524,12,17,89
1525,12,17,158
1535,12,16,145
1536,12,16,164
1538,12,17,79
1539,12,17,90
1541,12,17,61
1542,12,17,67
1547,18,13,100
1548,18,13,82
1555,18,13,110
1556,18,13,78
1558,18,13,100
1559,18,13,100
1560,18,13,180
1562,18,13,89
1563,18,13,169
1572,17,13,86
1573,17,13,69
1577,18,13,71
1578,18,13,64
1589,13,18,100
1590,13,18,180
1597,23,28,21
1598,23,28,30
1601,13,18,100
1602,13,18,111
1604,13,18,82
1605,13,18,93
1607,13,18,88
1608,13,18,89
1610,13,18,157
1611,13,18,158
1613,13,18,110
1614,13,18,121
1616,13,18,185
1617,13,18,196
1621,19,14,99
1622,19,14,174
1624,19,14,109
1625,19,14,184
1641,19,14,88
1642,19,14,89
1644,19,14,168
1645,19,14,169
1648,19,14,99
1649,19,14,110
1652,19,14,81
1653,19,14,92
1659,19,14,77
1660,19,14,88
1662,19,14,109
1663,19,14,99
1665,19,14,189
1666,19,14,179
1686,25,29,37
1687,25,29,48
1698,14,19,99
1699,14,19,109
1702,14,19,179
1703,14,19,189
1715,20,15,98
1716,20,15,98
1718,20,15,173
1719,20,15,173
1724,29,32,37
1725,29,32,38
1732,20,15,119
1733,20,15,108
1735,20,15,194
1736,20,15,183
1743,12,32,89
1744,12,32,13
1749,12,20,81
1750,12,20,76
1752,12,20,145
1753,12,20,150
1775,35,30,69
1776,35,30,70
1778,35,30,51
1779,35,30,52
1789,33,29,49
1790,33,29,50
1799,29,42,89
1800,29,42,13
1803,35,3,98
1804,35,3,86
1813,36,31,67
1814,36,31,76
1816,36,31,156
1817,36,31,147
1819,13,33,116
1820,13,33,12
1831,22,41,88
1832,22,41,15
1839,35,31,78
1840,35,31,87
1842,35,31,162
1843,35,31,153
1859,45,3,98
1860,45,3,86
1867,30,43,133
1868,30,43,12
1870,36,4,97
1871,36,4,98
1873,36,4,85
1874,36,4,86
1876,12,20,75
1877,12,20,66
1880,26,44,121
1881,26,44,43
1890,44,3,97
1891,44,3,85
1899,21,13,159
1900,21,13,134
1903,23,42,130
1904,23,42,14
1928,46,4,97
1929,46,4,98
1931,46,4,85
1932,46,4,86
1934,37,53,162
1935,37,53,34
1945,27,45,120
1946,27,45,135
1948,54,38,114
1949,54,38,113
1951,45,4,100
1952,45,4,96
1954,45,4,88
1955,45,4,84
1959,27,45,59
1960,27,45,42
1962,39,53,43
1963,39,53,50
1966,6,31,114
1967,6,31,20
1969,6,29,113
1970,6,29,20
1981,10,10,87
1982,10,10,87
1988,54,40,126
1989,54,40,117
2028,10,10,87
2029,10,10,87
2031,11,11,87
2032,11,11,86
2034,11,11,86
2035,11,11,87
2043,12,13,85
2044,12,13,85
2053,36,50,143
2054,36,50,14
2056,34,55,137
2057,34,55,12
2063,54,3,98
2064,54,3,86
2069,11,11,87
2070,11,11,86
2072,11,11,86
2073,11,11,87
2079,42,3,97
2080,42,3,85
2082,58,3,98
2083,58,3,86
2087,14,13,85
2088,14,13,84
2090,13,14,84
2091,13,14,84
2105,12,23,153
2106,12,23,154
2107,12,23,75
2108,12,23,76
2109,12,23,154
2110,12,23,153
2111,12,23,240
2112,12,23,239
2113,12,23,239
2114,12,23,240
2115,12,23,242
2116,12,23,242
2117,12,23,76
2118,12,23,75
2120,12,23,153
2121,12,23,154
2122,12,23,75
2123,12,23,76
2124,12,23,153
2125,12,23,152
2126,12,23,239
2127,12,23,75
2128,12,23,74
2130,12,23,153
2131,12,23,154
2132,12,23,75
2133,12,23,76
2134,12,23,153
2135,12,23,154
2136,12,23,152
2137,12,23,153
2138,12,23,239
2139,12,23,75
2140,12,23,76
2141,12,23,74
2142,12,23,75
2144,12,23,153
2145,12,23,75
2146,12,23,153
2147,12,23,75
2149,55,4,97
2150,55,4,98
2152,55,4,85
2153,55,4,86
2197,43,4,100
2198,43,4,96
2200,43,4,88
2201,43,4,84
2203,59,4,97
2204,59,4,98
2206,59,4,85
2207,59,4,86
2238,10,10,88
2239,10,10,87
2242,12,13,85
2243,12,13,85
2246,10,10,88
2247,10,10,87
2258,11,11,87
2259,11,11,87
2261,11,11,86
2262,11,11,87
2264,14,13,252
2265,14,13,84
2267,7,17,81
2268,7,17,81
2270,11,11,254
2271,11,11,87
2273,7,14,84
2274,7,14,83
2280,75,6,10
2281,75,6,172
2287,8,18,158
2288,8,18,158
2289,8,18,158
2290,8,18,159
2291,8,18,80
2292,8,18,80
2293,8,18,80
2294,8,18,81
2295,8,18,158
2296,8,18,80
2298,8,18,159
2299,8,18,158
2300,8,18,159
2301,8,18,81
2302,8,18,80
2303,8,18,81
2304,8,18,158
2305,8,18,159
2306,8,18,158
2307,8,18,159
2308,8,18,245
2309,8,18,80
2310,8,18,81
2311,8,18,80
2312,8,18,81
2316,8,15,161
2317,8,15,161
2318,8,15,161
2319,8,15,162
2320,8,15,162
2321,8,15,83
2322,8,15,83
2323,8,15,83
2324,8,15,84
2325,8,15,84
2327,8,15,161
2328,8,15,162
2329,8,15,83
2330,8,15,84
2331,8,15,160
2332,8,15,160
2333,8,15,161
2334,8,15,161
2335,8,15,247
2336,8,15,82
2337,8,15,82
2338,8,15,83
2339,8,15,83
2341,12,25,151
2342,12,25,151
2343,12,25,73
2344,12,25,73
2345,12,25,151
2346,12,25,238
2347,12,25,237
2348,12,25,237
2349,12,25,237
2350,12,25,240
2351,12,25,240
2352,12,25,73
2354,12,26,151
2355,12,26,73
2356,12,26,151
2357,12,26,150
2358,12,26,237
2359,12,26,73
2360,12,26,72
2362,12,25,151
2363,12,25,151
2364,12,25,73
2365,12,25,73
2366,12,25,151
2367,12,25,151
2368,12,25,150
2369,12,25,150
2370,12,25,237
2371,12,25,73
2372,12,25,73
2373,12,25,72
2374,12,25,72
2376,12,26,151
2377,12,26,151
2378,12,26,73
2379,12,26,73
2380,12,26,151
2381,12,26,150
2382,12,26,73
2383,12,26,72
2387,7,17,158
2388,7,17,158
2389,7,17,159
2390,7,17,159
2391,7,17,245
2392,7,17,245
2393,7,17,245
2394,7,17,245
2395,7,17,246
2396,7,17,248
2397,7,17,80
2398,7,17,80
2399,7,17,81
2400,7,17,81
2428,7,15,161
2429,7,15,161
2430,7,15,162
2431,7,15,161
2432,7,15,162
2433,7,15,248
2434,7,15,247
2435,7,15,247
2436,7,15,247
2437,7,15,248
2438,7,15,250
2439,7,15,83
2440,7,15,83
2441,7,15,84
2442,7,15,83
2443,7,15,84
2538,90,8,86
2539,90,8,161
2541,90,8,86
2542,90,8,161
2544,90,8,86
2545,90,8,161
2547,91,8,86
2548,91,8,161
2550,91,8,86
2551,91,8,161
2553,90,8,86
2554,90,8,161
2556,91,8,86
2557,91,8,161
2559,8,90,8
2560,8,90,9
2562,8,90,8
2563,8,90,9
2565,8,90,8
2566,8,90,9
2568,8,91,8
2569,8,91,9
2571,8,91,8
2572,8,91,9
2574,8,90,8
2575,8,90,9
2577,8,91,8
2578,8,91,9
2595,90,8,86
2596,90,8,161
2598,90,8,86
2599,90,8,161
2601,91,8,86
2602,91,8,161
2604,90,8,86
2605,90,8,161
2607,91,8,86
2608,91,8,161
2612,89,8,86
2613,89,8,161
2615,89,8,86
2616,89,8,161
2618,90,8,86
2619,90,8,161
2621,90,8,86
2622,90,8,161
2640,8,90,8
2641,8,90,9
2643,8,90,8
2644,8,90,9
2646,8,91,8
2647,8,91,9
2649,8,90,8
2650,8,90,9
2652,8,91,8
2653,8,91,9
2656,8,89,8
2657,8,89,9
2659,8,89,8
2660,8,89,9
2662,8,90,8
2663,8,90,9
2665,8,90,8
2666,8,90,9
2748,91,65,113
2749,91,65,104
2751,90,65,113
2752,90,65,104
2774,3,94,26
2775,3,94,48
2777,3,93,26
2778,3,93,46
2790,131,91,69
2791,131,91,69
2792,131,91,57
2793,131,91,38
2794,131,91,61
2795,131,91,89
2813,3,99,80
2814,3,99,61
2816,2,95,76
2817,2,95,65
2819,2,95,68
2820,2,95,53
2822,2,95,34
2823,2,95,43
2825,3,99,54
2826,3,99,53
2830,2,95,85
2831,2,95,104
2844,12,37,10
2845,12,37,15
2847,12,35,10
2848,12,35,15
2884,42,58,26
2885,42,58,27
